<?xml version="1.0" encoding="UTF-8" ?>
<testsuite tests="5" failures="0" name="com.play.bdd.runner.RunPlayTest" time="0.062" errors="0" skipped="4">
  <properties>
[...]
</properties>
  <testcase classname="Scenario: About Play" name="Given Play a learning platform" time="0.012">
    <skipped/>
    <system-out>Feature: Play cucumber Champ
  As my first cucumber script
  I want to show my love for play
  Play has become a part of my learning
</system-out>
  </testcase>
  <testcase classname="Scenario: About Play" name="When I want to learn" time="0.012">
    <skipped/>
  </testcase>
  <testcase classname="Scenario: About Play" name="Then I open Play to learn and earn" time="0.012">
    <skipped/>
  </testcase>
  <testcase classname="Scenario: About Play" name="Scenario: About Play" time="0.013">
    <skipped/>
  </testcase>
  <testcase classname="Scenario: About Play" name="Scenario: About Play" time="0.013"/>
</testsuite>